-------------------------------------------------------------------------------
Test set: com.asatutor.P14_1_ej_1_14Test
-------------------------------------------------------------------------------
Tests run: 3, Failures: 1, Errors: 0, Skipped: 0, Time elapsed: 0.068 s <<< FAILURE! -- in com.asatutor.P14_1_ej_1_14Test
com.asatutor.P14_1_ej_1_14Test.main_cuandoSeIntroduceCero_dos -- Time elapsed: 0.011 s <<< FAILURE!
org.opentest4j.AssertionFailedError: La salida deberÃ­a contener el cuadrado de 2. ==> expected: <true> but was: <false>
	at org.junit.jupiter.api.AssertionFailureBuilder.build(AssertionFailureBuilder.java:151)
	at org.junit.jupiter.api.AssertionFailureBuilder.buildAndThrow(AssertionFailureBuilder.java:132)
	at org.junit.jupiter.api.AssertTrue.failNotTrue(AssertTrue.java:63)
	at org.junit.jupiter.api.AssertTrue.assertTrue(AssertTrue.java:36)
	at org.junit.jupiter.api.Assertions.assertTrue(Assertions.java:214)
	at com.asatutor.P14_1_ej_1_14Test.main_cuandoSeIntroduceCero_dos(P14_1_ej_1_14Test.java:89)
	at java.base/java.lang.reflect.Method.invoke(Method.java:565)
	at java.base/java.util.ArrayList.forEach(ArrayList.java:1604)
	at java.base/java.util.ArrayList.forEach(ArrayList.java:1604)

